<?xml version="1.0" encoding="UTF-8"?>
<testsuite name="com.hello.hellospring.repository.MemoryMemberRepositoryTest" tests="1" skipped="0" failures="0" errors="0" timestamp="2024-07-01T05:52:45" hostname="DESKTOP-0RISFOB" time="0.07">
  <properties/>
  <testcase name="findAll()" classname="com.hello.hellospring.repository.MemoryMemberRepositoryTest" time="0.07"/>
  <system-out><![CDATA[]]></system-out>
  <system-err><![CDATA[]]></system-err>
</testsuite>
